---
Event:
  EventData:
    collectionName: Start.TileGrid
    initializationReason: 1
  System:
    Channel: Microsoft-Windows-ShellCommon-StartLayoutPopulation/Operational
    Computer: DESKTOP-UTDHED2
    Correlation: null
    EventID: 1
    EventRecordID: 2
    Execution_attributes:
      ProcessID: 1480
      ThreadID: 3104
    Keywords: '0x4000000000000000'
    Level: 4
    Opcode: 1
    Provider_attributes:
      Guid: 97CA8142-10B1-4BAA-9FBB-70A7D11231C3
      Name: Microsoft-Windows-ShellCommon-StartLayoutPopulation
    Security_attributes:
      UserID: S-1-5-21-2664003694-224353874-4161542076-1001
    Task: 1
    TimeCreated_attributes:
      SystemTime: 2023-02-02T10:04:49.607963Z
    Version: 0
Event_attributes:
  xmlns: http://schemas.microsoft.com/win/2004/08/events/event

---
Event:
  EventData:
    collectionName: Start.Suggestions
    initializationReason: 0
  System:
    Channel: Microsoft-Windows-ShellCommon-StartLayoutPopulation/Operational
    Computer: DESKTOP-UTDHED2
    Correlation: null
    EventID: 1
    EventRecordID: 29
    Execution_attributes:
      ProcessID: 1480
      ThreadID: 4148
    Keywords: '0x4000000000000000'
    Level: 4
    Opcode: 1
    Provider_attributes:
      Guid: 97CA8142-10B1-4BAA-9FBB-70A7D11231C3
      Name: Microsoft-Windows-ShellCommon-StartLayoutPopulation
    Security_attributes:
      UserID: S-1-5-21-2664003694-224353874-4161542076-1001
    Task: 1
    TimeCreated_attributes:
      SystemTime: 2023-02-02T10:05:02.147936Z
    Version: 0
Event_attributes:
  xmlns: http://schemas.microsoft.com/win/2004/08/events/event

---
Event:
  EventData:
    collectionName: LockScreenPinnedTiles
    initializationReason: 0
  System:
    Channel: Microsoft-Windows-ShellCommon-StartLayoutPopulation/Operational
    Computer: DESKTOP-UTDHED2
    Correlation: null
    EventID: 1
    EventRecordID: 60
    Execution_attributes:
      ProcessID: 3292
      ThreadID: 3420
    Keywords: '0x4000000000000000'
    Level: 4
    Opcode: 1
    Provider_attributes:
      Guid: 97CA8142-10B1-4BAA-9FBB-70A7D11231C3
      Name: Microsoft-Windows-ShellCommon-StartLayoutPopulation
    Security_attributes:
      UserID: S-1-5-21-2664003694-224353874-4161542076-1001
    Task: 1
    TimeCreated_attributes:
      SystemTime: 2023-02-24T14:17:00.477885Z
    Version: 0
Event_attributes:
  xmlns: http://schemas.microsoft.com/win/2004/08/events/event

---
Event:
  EventData:
    DeviceName: CldFlt
    DeviceNameLength: 6
    DeviceTime: 2003-03-20T15:36:50.000000Z
    DeviceVersionMajor: 10
    DeviceVersionMinor: 0
    FinalStatus: '0x0'
  System:
    Channel: System
    Computer: WIN-2BM3OASEK9U
    Correlation: null
    EventID: 1
    EventRecordID: 35
    Execution_attributes:
      ProcessID: 4
      ThreadID: 208
    Keywords: '0x8000000000000000'
    Level: 4
    Opcode: 0
    Provider_attributes:
      Guid: F3C5E28E-63F6-49C7-A204-E48A1BC4B09D
      Name: Microsoft-Windows-FilterManager
    Security_attributes:
      UserID: S-1-5-18
    Task: 0
    TimeCreated_attributes:
      SystemTime: 2023-02-02T19:55:33.042055Z
    Version: 0
Event_attributes:
  xmlns: http://schemas.microsoft.com/win/2004/08/events/event

---
Event:
  EventData:
    DeviceName: CldFlt
    DeviceNameLength: 6
    DeviceTime: 2003-03-20T15:36:50.000000Z
    DeviceVersionMajor: 10
    DeviceVersionMinor: 0
    FinalStatus: '0x0'
  System:
    Channel: System
    Computer: DESKTOP-UTDHED2
    Correlation: null
    EventID: 1
    EventRecordID: 164
    Execution_attributes:
      ProcessID: 4
      ThreadID: 292
    Keywords: '0x8000000000000000'
    Level: 4
    Opcode: 0
    Provider_attributes:
      Guid: F3C5E28E-63F6-49C7-A204-E48A1BC4B09D
      Name: Microsoft-Windows-FilterManager
    Security_attributes:
      UserID: S-1-5-18
    Task: 0
    TimeCreated_attributes:
      SystemTime: 2023-02-02T19:57:37.079138Z
    Version: 0
Event_attributes:
  xmlns: http://schemas.microsoft.com/win/2004/08/events/event

---
Event:
  EventData:
    NewTime: 2023-02-02T19:57:42.978238Z
    OldTime: 2023-02-02T19:57:42.978238Z
    ProcessID: 416
    ProcessName: \Device\HarddiskVolume2\Windows\System32\oobe\msoobe.exe
    Reason: 3
  System:
    Channel: System
    Computer: DESKTOP-UTDHED2
    Correlation: null
    EventID: 1
    EventRecordID: 172
    Execution_attributes:
      ProcessID: 416
      ThreadID: 896
    Keywords: '0x8000000000000010'
    Level: 4
    Opcode: 0
    Provider_attributes:
      Guid: A68CA8B7-004F-D7B6-A698-07E2DE0F1F5D
      Name: Microsoft-Windows-Kernel-General
    Security_attributes:
      UserID: S-1-5-18
    Task: 5
    TimeCreated_attributes:
      SystemTime: 2023-02-02T19:57:42.983212Z
    Version: 2
Event_attributes:
  xmlns: http://schemas.microsoft.com/win/2004/08/events/event

---
Event:
  EventData:
    NewTime: 2023-02-02T09:57:46.434790Z
    OldTime: 2023-02-02T19:57:45.424083Z
    ProcessID: 1216
    ProcessName: \Device\HarddiskVolume2\Windows\System32\svchost.exe
    Reason: 1
  System:
    Channel: System
    Computer: DESKTOP-UTDHED2
    Correlation: null
    EventID: 1
    EventRecordID: 174
    Execution_attributes:
      ProcessID: 1216
      ThreadID: 1276
    Keywords: '0x8000000000000010'
    Level: 4
    Opcode: 0
    Provider_attributes:
      Guid: A68CA8B7-004F-D7B6-A698-07E2DE0F1F5D
      Name: Microsoft-Windows-Kernel-General
    Security_attributes:
      UserID: S-1-5-19
    Task: 5
    TimeCreated_attributes:
      SystemTime: 2023-02-02T09:57:46.434949Z
    Version: 2
Event_attributes:
  xmlns: http://schemas.microsoft.com/win/2004/08/events/event

---
Event:
  EventData:
    NewTime: 2023-02-02T09:57:46.435374Z
    OldTime: 2023-02-02T09:57:46.434790Z
    ProcessID: 1216
    ProcessName: \Device\HarddiskVolume2\Windows\System32\svchost.exe
    Reason: 1
  System:
    Channel: System
    Computer: DESKTOP-UTDHED2
    Correlation: null
    EventID: 1
    EventRecordID: 178
    Execution_attributes:
      ProcessID: 1216
      ThreadID: 1276
    Keywords: '0x8000000000000010'
    Level: 4
    Opcode: 0
    Provider_attributes:
      Guid: A68CA8B7-004F-D7B6-A698-07E2DE0F1F5D
      Name: Microsoft-Windows-Kernel-General
    Security_attributes:
      UserID: S-1-5-19
    Task: 5
    TimeCreated_attributes:
      SystemTime: 2023-02-02T09:57:46.435504Z
    Version: 2
Event_attributes:
  xmlns: http://schemas.microsoft.com/win/2004/08/events/event

---
Event:
  EventData:
    NewTime: 2023-02-02T09:57:48.843740Z
    OldTime: 2023-02-02T09:57:48.831002Z
    ProcessID: 1216
    ProcessName: \Device\HarddiskVolume2\Windows\System32\svchost.exe
    Reason: 1
  System:
    Channel: System
    Computer: DESKTOP-UTDHED2
    Correlation: null
    EventID: 1
    EventRecordID: 181
    Execution_attributes:
      ProcessID: 1216
      ThreadID: 1276
    Keywords: '0x8000000000000010'
    Level: 4
    Opcode: 0
    Provider_attributes:
      Guid: A68CA8B7-004F-D7B6-A698-07E2DE0F1F5D
      Name: Microsoft-Windows-Kernel-General
    Security_attributes:
      UserID: S-1-5-19
    Task: 5
    TimeCreated_attributes:
      SystemTime: 2023-02-02T09:57:48.843924Z
    Version: 2
Event_attributes:
  xmlns: http://schemas.microsoft.com/win/2004/08/events/event

---
Event:
  EventData:
    NewTime: 2023-02-02T09:59:22.469857Z
    OldTime: 2023-02-02T09:59:22.469857Z
    ProcessID: 4684
    ProcessName: \Device\HarddiskVolume2\Windows\System32\CloudExperienceHostBroker.exe
    Reason: 3
  System:
    Channel: System
    Computer: DESKTOP-UTDHED2
    Correlation: null
    EventID: 1
    EventRecordID: 194
    Execution_attributes:
      ProcessID: 4684
      ThreadID: 4704
    Keywords: '0x8000000000000010'
    Level: 4
    Opcode: 0
    Provider_attributes:
      Guid: A68CA8B7-004F-D7B6-A698-07E2DE0F1F5D
      Name: Microsoft-Windows-Kernel-General
    Security_attributes:
      UserID: S-1-5-18
    Task: 5
    TimeCreated_attributes:
      SystemTime: 2023-02-02T09:59:22.476371Z
    Version: 2
Event_attributes:
  xmlns: http://schemas.microsoft.com/win/2004/08/events/event

---
Event:
  EventData:
    DeviceName: CldFlt
    DeviceNameLength: 6
    DeviceTime: 2003-03-20T15:36:50.000000Z
    DeviceVersionMajor: 10
    DeviceVersionMinor: 0
    FinalStatus: '0x0'
  System:
    Channel: System
    Computer: DESKTOP-UTDHED2
    Correlation: null
    EventID: 1
    EventRecordID: 271
    Execution_attributes:
      ProcessID: 4
      ThreadID: 280
    Keywords: '0x8000000000000000'
    Level: 4
    Opcode: 0
    Provider_attributes:
      Guid: F3C5E28E-63F6-49C7-A204-E48A1BC4B09D
      Name: Microsoft-Windows-FilterManager
    Security_attributes:
      UserID: S-1-5-18
    Task: 0
    TimeCreated_attributes:
      SystemTime: 2023-02-24T22:04:19.803264Z
    Version: 0
Event_attributes:
  xmlns: http://schemas.microsoft.com/win/2004/08/events/event

---
Event:
  EventData:
    NewTime: 2023-02-24T12:27:14.739557Z
    OldTime: 2023-02-24T22:27:13.073051Z
    ProcessID: 4200
    ProcessName: \Device\HarddiskVolume2\Windows\System32\svchost.exe
    Reason: 1
  System:
    Channel: System
    Computer: DESKTOP-UTDHED2
    Correlation: null
    EventID: 1
    EventRecordID: 403
    Execution_attributes:
      ProcessID: 4200
      ThreadID: 1192
    Keywords: '0x8000000000000010'
    Level: 4
    Opcode: 0
    Provider_attributes:
      Guid: A68CA8B7-004F-D7B6-A698-07E2DE0F1F5D
      Name: Microsoft-Windows-Kernel-General
    Security_attributes:
      UserID: S-1-5-19
    Task: 5
    TimeCreated_attributes:
      SystemTime: 2023-02-24T12:27:14.742597Z
    Version: 2
Event_attributes:
  xmlns: http://schemas.microsoft.com/win/2004/08/events/event

---
Event:
  EventData:
    NewTime: 2023-02-24T12:27:14.755270Z
    OldTime: 2023-02-24T12:27:14.750540Z
    ProcessID: 4200
    ProcessName: \Device\HarddiskVolume2\Windows\System32\svchost.exe
    Reason: 1
  System:
    Channel: System
    Computer: DESKTOP-UTDHED2
    Correlation: null
    EventID: 1
    EventRecordID: 407
    Execution_attributes:
      ProcessID: 4200
      ThreadID: 1192
    Keywords: '0x8000000000000010'
    Level: 4
    Opcode: 0
    Provider_attributes:
      Guid: A68CA8B7-004F-D7B6-A698-07E2DE0F1F5D
      Name: Microsoft-Windows-Kernel-General
    Security_attributes:
      UserID: S-1-5-19
    Task: 5
    TimeCreated_attributes:
      SystemTime: 2023-02-24T12:27:14.755592Z
    Version: 2
Event_attributes:
  xmlns: http://schemas.microsoft.com/win/2004/08/events/event

---
Event:
  EventData:
    NewTime: 2023-02-24T12:27:14.759348Z
    OldTime: 2023-02-24T12:27:14.759225Z
    ProcessID: 4200
    ProcessName: \Device\HarddiskVolume2\Windows\System32\svchost.exe
    Reason: 1
  System:
    Channel: System
    Computer: DESKTOP-UTDHED2
    Correlation: null
    EventID: 1
    EventRecordID: 409
    Execution_attributes:
      ProcessID: 4200
      ThreadID: 1192
    Keywords: '0x8000000000000010'
    Level: 4
    Opcode: 0
    Provider_attributes:
      Guid: A68CA8B7-004F-D7B6-A698-07E2DE0F1F5D
      Name: Microsoft-Windows-Kernel-General
    Security_attributes:
      UserID: S-1-5-19
    Task: 5
    TimeCreated_attributes:
      SystemTime: 2023-02-24T12:27:14.759609Z
    Version: 2
Event_attributes:
  xmlns: http://schemas.microsoft.com/win/2004/08/events/event

---
Event:
  EventData:
    DeviceName: CldFlt
    DeviceNameLength: 6
    DeviceTime: 2003-03-20T15:36:50.000000Z
    DeviceVersionMajor: 10
    DeviceVersionMinor: 0
    FinalStatus: '0x0'
  System:
    Channel: System
    Computer: DESKTOP-UTDHED2
    Correlation: null
    EventID: 1
    EventRecordID: 663
    Execution_attributes:
      ProcessID: 4
      ThreadID: 104
    Keywords: '0x8000000000000000'
    Level: 4
    Opcode: 0
    Provider_attributes:
      Guid: F3C5E28E-63F6-49C7-A204-E48A1BC4B09D
      Name: Microsoft-Windows-FilterManager
    Security_attributes:
      UserID: S-1-5-18
    Task: 0
    TimeCreated_attributes:
      SystemTime: 2023-02-25T00:01:54.164497Z
    Version: 0
Event_attributes:
  xmlns: http://schemas.microsoft.com/win/2004/08/events/event

---
Event:
  EventData:
    DeviceName: WdFilter
    DeviceNameLength: 8
    DeviceTime: 2066-04-08T20:52:09.000000Z
    DeviceVersionMajor: 10
    DeviceVersionMinor: 0
    FinalStatus: '0x0'
  System:
    Channel: System
    Computer: DESKTOP-UTDHED2
    Correlation: null
    EventID: 1
    EventRecordID: 698
    Execution_attributes:
      ProcessID: 4
      ThreadID: 2000
    Keywords: '0x8000000000000000'
    Level: 4
    Opcode: 0
    Provider_attributes:
      Guid: F3C5E28E-63F6-49C7-A204-E48A1BC4B09D
      Name: Microsoft-Windows-FilterManager
    Security_attributes:
      UserID: S-1-5-18
    Task: 0
    TimeCreated_attributes:
      SystemTime: 2023-02-25T00:13:48.572630Z
    Version: 0
Event_attributes:
  xmlns: http://schemas.microsoft.com/win/2004/08/events/event

---
Event:
  EventData:
    DeviceName: CldFlt
    DeviceNameLength: 6
    DeviceTime: 2003-03-20T15:36:50.000000Z
    DeviceVersionMajor: 10
    DeviceVersionMinor: 0
    FinalStatus: '0x0'
  System:
    Channel: System
    Computer: DESKTOP-UTDHED2
    Correlation: null
    EventID: 1
    EventRecordID: 765
    Execution_attributes:
      ProcessID: 4
      ThreadID: 276
    Keywords: '0x8000000000000000'
    Level: 4
    Opcode: 0
    Provider_attributes:
      Guid: F3C5E28E-63F6-49C7-A204-E48A1BC4B09D
      Name: Microsoft-Windows-FilterManager
    Security_attributes:
      UserID: S-1-5-18
    Task: 0
    TimeCreated_attributes:
      SystemTime: 2023-02-25T00:16:43.514702Z
    Version: 0
Event_attributes:
  xmlns: http://schemas.microsoft.com/win/2004/08/events/event

---
Event:
  EventData:
    NewTime: 2023-02-24T14:16:44.331000Z
    OldTime: 2023-02-25T00:16:43.629840Z
    ProcessID: 1268
    ProcessName: \Device\HarddiskVolume2\Windows\System32\VBoxService.exe
    Reason: 1
  System:
    Channel: System
    Computer: DESKTOP-UTDHED2
    Correlation: null
    EventID: 1
    EventRecordID: 770
    Execution_attributes:
      ProcessID: 1268
      ThreadID: 1352
    Keywords: '0x8000000000000010'
    Level: 4
    Opcode: 0
    Provider_attributes:
      Guid: A68CA8B7-004F-D7B6-A698-07E2DE0F1F5D
      Name: Microsoft-Windows-Kernel-General
    Security_attributes:
      UserID: S-1-5-18
    Task: 5
    TimeCreated_attributes:
      SystemTime: 2023-02-24T14:16:44.331117Z
    Version: 2
Event_attributes:
  xmlns: http://schemas.microsoft.com/win/2004/08/events/event

---
Event:
  EventData:
    DeviceName: CldFlt
    DeviceNameLength: 6
    DeviceTime: 2003-03-20T15:36:50.000000Z
    DeviceVersionMajor: 10
    DeviceVersionMinor: 0
    FinalStatus: '0x0'
  System:
    Channel: System
    Computer: DESKTOP-UTDHED2
    Correlation: null
    EventID: 1
    EventRecordID: 847
    Execution_attributes:
      ProcessID: 4
      ThreadID: 92
    Keywords: '0x8000000000000000'
    Level: 4
    Opcode: 0
    Provider_attributes:
      Guid: F3C5E28E-63F6-49C7-A204-E48A1BC4B09D
      Name: Microsoft-Windows-FilterManager
    Security_attributes:
      UserID: S-1-5-18
    Task: 0
    TimeCreated_attributes:
      SystemTime: 2023-02-25T00:28:30.036125Z
    Version: 0
Event_attributes:
  xmlns: http://schemas.microsoft.com/win/2004/08/events/event

---
Event:
  EventData:
    NewTime: 2023-02-24T14:28:32.163000Z
    OldTime: 2023-02-25T00:28:30.136732Z
    ProcessID: 1256
    ProcessName: \Device\HarddiskVolume2\Windows\System32\VBoxService.exe
    Reason: 1
  System:
    Channel: System
    Computer: DESKTOP-UTDHED2
    Correlation: null
    EventID: 1
    EventRecordID: 852
    Execution_attributes:
      ProcessID: 1256
      ThreadID: 1312
    Keywords: '0x8000000000000010'
    Level: 4
    Opcode: 0
    Provider_attributes:
      Guid: A68CA8B7-004F-D7B6-A698-07E2DE0F1F5D
      Name: Microsoft-Windows-Kernel-General
    Security_attributes:
      UserID: S-1-5-18
    Task: 5
    TimeCreated_attributes:
      SystemTime: 2023-02-24T14:28:32.163139Z
    Version: 2
Event_attributes:
  xmlns: http://schemas.microsoft.com/win/2004/08/events/event

---
Event:
  EventData:
    DeviceName: CldFlt
    DeviceNameLength: 6
    DeviceTime: 2003-03-20T15:36:50.000000Z
    DeviceVersionMajor: 10
    DeviceVersionMinor: 0
    FinalStatus: '0x0'
  System:
    Channel: System
    Computer: DESKTOP-UTDHED2
    Correlation: null
    EventID: 1
    EventRecordID: 896
    Execution_attributes:
      ProcessID: 4
      ThreadID: 92
    Keywords: '0x8000000000000000'
    Level: 4
    Opcode: 0
    Provider_attributes:
      Guid: F3C5E28E-63F6-49C7-A204-E48A1BC4B09D
      Name: Microsoft-Windows-FilterManager
    Security_attributes:
      UserID: S-1-5-18
    Task: 0
    TimeCreated_attributes:
      SystemTime: 2023-02-25T01:32:22.051296Z
    Version: 0
Event_attributes:
  xmlns: http://schemas.microsoft.com/win/2004/08/events/event

---
Event:
  EventData:
    NewTime: 2023-02-24T15:32:24.009000Z
    OldTime: 2023-02-25T01:32:22.147664Z
    ProcessID: 1312
    ProcessName: \Device\HarddiskVolume2\Windows\System32\VBoxService.exe
    Reason: 1
  System:
    Channel: System
    Computer: DESKTOP-UTDHED2
    Correlation: null
    EventID: 1
    EventRecordID: 901
    Execution_attributes:
      ProcessID: 1312
      ThreadID: 1348
    Keywords: '0x8000000000000010'
    Level: 4
    Opcode: 0
    Provider_attributes:
      Guid: A68CA8B7-004F-D7B6-A698-07E2DE0F1F5D
      Name: Microsoft-Windows-Kernel-General
    Security_attributes:
      UserID: S-1-5-18
    Task: 5
    TimeCreated_attributes:
      SystemTime: 2023-02-24T15:32:24.009201Z
    Version: 2
Event_attributes:
  xmlns: http://schemas.microsoft.com/win/2004/08/events/event

---
Event:
  EventData: null
  System:
    Channel: Microsoft-Windows-UAC/Operational
    Computer: DESKTOP-UTDHED2
    Correlation: null
    EventID: 1
    EventRecordID: 1
    Execution_attributes:
      ProcessID: 804
      ThreadID: 5452
    Keywords: '0x8000000000000000'
    Level: 2
    Opcode: 0
    Provider_attributes:
      Guid: E7558269-3FA5-46ED-9F4D-3C6E282DDE55
      Name: Microsoft-Windows-UAC
    Security_attributes:
      UserID: S-1-5-21-2664003694-224353874-4161542076-1001
    Task: 1
    TimeCreated_attributes:
      SystemTime: 2023-02-25T00:13:56.870841Z
    Version: 0
Event_attributes:
  xmlns: http://schemas.microsoft.com/win/2004/08/events/event

---
Event:
  EventData: null
  System:
    Channel: Microsoft-Windows-TZSync/Operational
    Computer: DESKTOP-UTDHED2
    Correlation: null
    EventID: 1
    EventRecordID: 1
    Execution_attributes:
      ProcessID: 6696
      ThreadID: 6160
    Keywords: '0x4000000000000000'
    Level: 4
    Opcode: 1
    Provider_attributes:
      Guid: 3527CB55-1298-49D4-AB94-1243DB0FCAFF
      Name: Microsoft-Windows-TZSync
    Security_attributes:
      UserID: S-1-5-18
    Task: 0
    TimeCreated_attributes:
      SystemTime: 2023-02-24T22:26:57.381719Z
    Version: 0
Event_attributes:
  xmlns: http://schemas.microsoft.com/win/2004/08/events/event

---
Event:
  EventData:
    MasterKeyGUID: 91A5859D-8CF0-4269-A36F-AC46AD1A73F6
    UserStorage: C:\Windows\system32\Microsoft\Protect\S-1-5-18\
  System:
    Channel: Microsoft-Windows-Crypto-DPAPI/Operational
    Computer: WIN-2BM3OASEK9U
    Correlation_attributes:
      ActivityID: 468BC113-3740-0000-41C3-8B464037D901
    EventID: 1
    EventRecordID: 1
    Execution_attributes:
      ProcessID: 636
      ThreadID: 688
    Keywords: '0x8000000000000002'
    Level: 4
    Opcode: 0
    Provider_attributes:
      Guid: 89FE8F40-CDCE-464E-8217-15EF97D4C7C3
      Name: Microsoft-Windows-Crypto-DPAPI
    Security_attributes:
      UserID: S-1-5-18
    Task: 2
    TimeCreated_attributes:
      SystemTime: 2023-02-02T19:55:27.318358Z
    Version: 0
Event_attributes:
  xmlns: http://schemas.microsoft.com/win/2004/08/events/event

---
Event:
  EventData:
    MasterKeyGUID: C5F9CE5F-F378-4C60-8C62-DB37ACBD3794
    UserStorage: C:\Users\defaultuser0\AppData\Roaming\Microsoft\Protect\S-1-5-21-2664003694-224353874-4161542076-1000\
  System:
    Channel: Microsoft-Windows-Crypto-DPAPI/Operational
    Computer: DESKTOP-UTDHED2
    Correlation_attributes:
      ActivityID: 91B98509-3740-0000-0586-B9914037D901
    EventID: 1
    EventRecordID: 8
    Execution_attributes:
      ProcessID: 628
      ThreadID: 1444
    Keywords: '0x8000000000000002'
    Level: 4
    Opcode: 0
    Provider_attributes:
      Guid: 89FE8F40-CDCE-464E-8217-15EF97D4C7C3
      Name: Microsoft-Windows-Crypto-DPAPI
    Security_attributes:
      UserID: S-1-5-18
    Task: 2
    TimeCreated_attributes:
      SystemTime: 2023-02-02T09:57:54.358613Z
    Version: 0
Event_attributes:
  xmlns: http://schemas.microsoft.com/win/2004/08/events/event

---
Event:
  EventData:
    MasterKeyGUID: E84BC9D0-C547-4C0C-9605-4B206E6421A4
    UserStorage: C:\Users\wade\AppData\Roaming\Microsoft\Protect\S-1-5-21-2664003694-224353874-4161542076-1001\
  System:
    Channel: Microsoft-Windows-Crypto-DPAPI/Operational
    Computer: DESKTOP-UTDHED2
    Correlation_attributes:
      ActivityID: 91B98509-3740-0000-0586-B9914037D901
    EventID: 1
    EventRecordID: 15
    Execution_attributes:
      ProcessID: 628
      ThreadID: 2164
    Keywords: '0x8000000000000002'
    Level: 4
    Opcode: 0
    Provider_attributes:
      Guid: 89FE8F40-CDCE-464E-8217-15EF97D4C7C3
      Name: Microsoft-Windows-Crypto-DPAPI
    Security_attributes:
      UserID: S-1-5-18
    Task: 2
    TimeCreated_attributes:
      SystemTime: 2023-02-02T10:03:54.587606Z
    Version: 0
Event_attributes:
  xmlns: http://schemas.microsoft.com/win/2004/08/events/event

---
Event:
  EventData:
    CommandLine: C:\Windows\Sysmon64.exe
    Company: Sysinternals - www.sysinternals.com
    CurrentDirectory: C:\Windows\system32\
    Description: System activity monitor
    FileVersion: '14.14'
    Hashes: SHA256=7108EC59A69D858BFB3F6034C4812C2D7EC348ECC952FD30C65A913C17F68E35
    Image: C:\Windows\Sysmon64.exe
    IntegrityLevel: System
    LogonGuid: 10DA3E43-6524-63F9-E703-000000000000
    LogonId: '0x3e7'
    OriginalFileName: '-'
    ParentCommandLine: '-'
    ParentImage: '-'
    ParentProcessGuid: 00000000-0000-0000-0000-000000000000
    ParentProcessId: 604
    ParentUser: '-'
    ProcessGuid: 10DA3E43-D8BA-63F8-8900-000000000900
    ProcessId: 4288
    Product: Sysinternals Sysmon
    RuleName: '-'
    TerminalSessionId: 0
    User: NT AUTHORITY\SYSTEM
    UtcTime: 2023-02-24 15:33:14.246
  System:
    Channel: Microsoft-Windows-Sysmon/Operational
    Computer: DESKTOP-UTDHED2
    Correlation: null
    EventID: 1
    EventRecordID: 3
    Execution_attributes:
      ProcessID: 4288
      ThreadID: 5172
    Keywords: '0x8000000000000000'
    Level: 4
    Opcode: 0
    Provider_attributes:
      Guid: 5770385F-C22A-43E0-BF4C-06F5698FFBD9
      Name: Microsoft-Windows-Sysmon
    Security_attributes:
      UserID: S-1-5-18
    Task: 1
    TimeCreated_attributes:
      SystemTime: 2023-02-24T15:33:14.717237Z
    Version: 5
Event_attributes:
  xmlns: http://schemas.microsoft.com/win/2004/08/events/event

---
Event:
  EventData:
    CommandLine: C:\Windows\system32\wbem\unsecapp.exe -Embedding
    Company: Microsoft Corporation
    CurrentDirectory: C:\Windows\system32\
    Description: Sink to receive asynchronous callbacks for WMI client application
    FileVersion: 10.0.19041.610 (WinBuild.160101.0800)
    Hashes: SHA256=5CD0DD3B1454B437362C87C651EE2068AC27CDB725AA1C705CF62FF325A759CC
    Image: C:\Windows\System32\wbem\unsecapp.exe
    IntegrityLevel: System
    LogonGuid: 10DA3E43-6524-63F9-E703-000000000000
    LogonId: '0x3e7'
    OriginalFileName: unsecapp.dll
    ParentCommandLine: '-'
    ParentImage: '-'
    ParentProcessGuid: 00000000-0000-0000-0000-000000000000
    ParentProcessId: 736
    ParentUser: '-'
    ProcessGuid: 10DA3E43-D8BA-63F8-8A00-000000000900
    ProcessId: 4948
    Product: Microsoft® Windows® Operating System
    RuleName: '-'
    TerminalSessionId: 0
    User: NT AUTHORITY\SYSTEM
    UtcTime: 2023-02-24 15:33:14.615
  System:
    Channel: Microsoft-Windows-Sysmon/Operational
    Computer: DESKTOP-UTDHED2
    Correlation: null
    EventID: 1
    EventRecordID: 4
    Execution_attributes:
      ProcessID: 4288
      ThreadID: 5172
    Keywords: '0x8000000000000000'
    Level: 4
    Opcode: 0
    Provider_attributes:
      Guid: 5770385F-C22A-43E0-BF4C-06F5698FFBD9
      Name: Microsoft-Windows-Sysmon
    Security_attributes:
      UserID: S-1-5-18
    Task: 1
    TimeCreated_attributes:
      SystemTime: 2023-02-24T15:33:14.717623Z
    Version: 5
Event_attributes:
  xmlns: http://schemas.microsoft.com/win/2004/08/events/event

---
Event:
  EventData:
    CommandLine: C:\Windows\system32\DllHost.exe /Processid:{AB8902B4-09CA-4BB6-B78D-A8F59079A8D5}
    Company: Microsoft Corporation
    CurrentDirectory: C:\Windows\system32\
    Description: COM Surrogate
    FileVersion: 10.0.19041.546 (WinBuild.160101.0800)
    Hashes: SHA256=E7FC40B41AA8B83841A0B96D169EAF0800AA784733E636935374D56536253F10
    Image: C:\Windows\System32\dllhost.exe
    IntegrityLevel: Medium
    LogonGuid: 10DA3E43-D892-63F8-4B6D-030000000000
    LogonId: '0x36d4b'
    OriginalFileName: dllhost.exe
    ParentCommandLine: '-'
    ParentImage: '-'
    ParentProcessGuid: 00000000-0000-0000-0000-000000000000
    ParentProcessId: 736
    ParentUser: '-'
    ProcessGuid: 10DA3E43-D8C1-63F8-8B00-000000000900
    ProcessId: 5280
    Product: Microsoft® Windows® Operating System
    RuleName: '-'
    TerminalSessionId: 1
    User: DESKTOP-UTDHED2\wade
    UtcTime: 2023-02-24 15:33:21.417
  System:
    Channel: Microsoft-Windows-Sysmon/Operational
    Computer: DESKTOP-UTDHED2
    Correlation: null
    EventID: 1
    EventRecordID: 8
    Execution_attributes:
      ProcessID: 4288
      ThreadID: 5172
    Keywords: '0x8000000000000000'
    Level: 4
    Opcode: 0
    Provider_attributes:
      Guid: 5770385F-C22A-43E0-BF4C-06F5698FFBD9
      Name: Microsoft-Windows-Sysmon
    Security_attributes:
      UserID: S-1-5-18
    Task: 1
    TimeCreated_attributes:
      SystemTime: 2023-02-24T15:33:21.590595Z
    Version: 5
Event_attributes:
  xmlns: http://schemas.microsoft.com/win/2004/08/events/event

---
Event:
  EventData:
    CommandLine: '"C:\Program Files\Wireshark\Wireshark.exe" '
    Company: The Wireshark developer community, https://www.wireshark.org/
    CurrentDirectory: C:\Program Files\Wireshark\
    Description: Wireshark
    FileVersion: 4.0.3
    Hashes: SHA256=99ED6B3FC027975A87FAA3E09ECB6000623AD3FA5FFC3A02290848BE4AEDBB0C
    Image: C:\Program Files\Wireshark\Wireshark.exe
    IntegrityLevel: Medium
    LogonGuid: 10DA3E43-D892-63F8-4B6D-030000000000
    LogonId: '0x36d4b'
    OriginalFileName: Wireshark.exe
    ParentCommandLine: C:\Windows\Explorer.EXE
    ParentImage: C:\Windows\explorer.exe
    ParentProcessGuid: 10DA3E43-D893-63F8-5600-000000000900
    ParentProcessId: 2688
    ParentUser: DESKTOP-UTDHED2\wade
    ProcessGuid: 10DA3E43-D8C3-63F8-8C00-000000000900
    ProcessId: 5356
    Product: Wireshark
    RuleName: '-'
    TerminalSessionId: 1
    User: DESKTOP-UTDHED2\wade
    UtcTime: 2023-02-24 15:33:23.918
  System:
    Channel: Microsoft-Windows-Sysmon/Operational
    Computer: DESKTOP-UTDHED2
    Correlation: null
    EventID: 1
    EventRecordID: 9
    Execution_attributes:
      ProcessID: 4288
      ThreadID: 5172
    Keywords: '0x8000000000000000'
    Level: 4
    Opcode: 0
    Provider_attributes:
      Guid: 5770385F-C22A-43E0-BF4C-06F5698FFBD9
      Name: Microsoft-Windows-Sysmon
    Security_attributes:
      UserID: S-1-5-18
    Task: 1
    TimeCreated_attributes:
      SystemTime: 2023-02-24T15:33:24.018056Z
    Version: 5
Event_attributes:
  xmlns: http://schemas.microsoft.com/win/2004/08/events/event

---
Event:
  EventData:
    CommandLine: '"C:\Program Files (x86)\Microsoft\Edge\Application\msedge.exe" --type=utility --utility-sub-type=chrome.mojom.UtilWin --lang=en-US --service-sandbox-type=none --mojo-platform-channel-handle=4652 --field-trial-handle=2184,i,12503708684359893713,13292805670728289041,131072 /prefetch:8'
    Company: Microsoft Corporation
    CurrentDirectory: C:\Program Files (x86)\Microsoft\Edge\Application\110.0.1587.50\
    Description: Microsoft Edge
    FileVersion: 110.0.1587.50
    Hashes: SHA256=470EA019C1EA8882B258DEA27E77261DD297EB225FD08EDBE591C82796189D75
    Image: C:\Program Files (x86)\Microsoft\Edge\Application\msedge.exe
    IntegrityLevel: Medium
    LogonGuid: 10DA3E43-D892-63F8-4B6D-030000000000
    LogonId: '0x36d4b'
    OriginalFileName: msedge.exe
    ParentCommandLine: '"C:\Program Files (x86)\Microsoft\Edge\Application\msedge.exe" --no-startup-window --win-session-start /prefetch:5'
    ParentImage: C:\Program Files (x86)\Microsoft\Edge\Application\msedge.exe
    ParentProcessGuid: 10DA3E43-D8A8-63F8-7100-000000000900
    ParentProcessId: 4580
    ParentUser: DESKTOP-UTDHED2\wade
    ProcessGuid: 10DA3E43-D8C6-63F8-8D00-000000000900
    ProcessId: 5444
    Product: Microsoft Edge
    RuleName: '-'
    TerminalSessionId: 1
    User: DESKTOP-UTDHED2\wade
    UtcTime: 2023-02-24 15:33:26.848
  System:
    Channel: Microsoft-Windows-Sysmon/Operational
    Computer: DESKTOP-UTDHED2
    Correlation: null
    EventID: 1
    EventRecordID: 11
    Execution_attributes:
      ProcessID: 4288
      ThreadID: 5172
    Keywords: '0x8000000000000000'
    Level: 4
    Opcode: 0
    Provider_attributes:
      Guid: 5770385F-C22A-43E0-BF4C-06F5698FFBD9
      Name: Microsoft-Windows-Sysmon
    Security_attributes:
      UserID: S-1-5-18
    Task: 1
    TimeCreated_attributes:
      SystemTime: 2023-02-24T15:33:26.921815Z
    Version: 5
Event_attributes:
  xmlns: http://schemas.microsoft.com/win/2004/08/events/event

---
Event:
  EventData:
    CommandLine: '"C:\Program Files (x86)\Microsoft\Edge\Application\msedge.exe" --type=utility --utility-sub-type=chrome.mojom.UtilWin --lang=en-US --service-sandbox-type=none --mojo-platform-channel-handle=4620 --field-trial-handle=2184,i,12503708684359893713,13292805670728289041,131072 /prefetch:8'
    Company: Microsoft Corporation
    CurrentDirectory: C:\Program Files (x86)\Microsoft\Edge\Application\110.0.1587.50\
    Description: Microsoft Edge
    FileVersion: 110.0.1587.50
    Hashes: SHA256=470EA019C1EA8882B258DEA27E77261DD297EB225FD08EDBE591C82796189D75
    Image: C:\Program Files (x86)\Microsoft\Edge\Application\msedge.exe
    IntegrityLevel: Medium
    LogonGuid: 10DA3E43-D892-63F8-4B6D-030000000000
    LogonId: '0x36d4b'
    OriginalFileName: msedge.exe
    ParentCommandLine: '"C:\Program Files (x86)\Microsoft\Edge\Application\msedge.exe" --no-startup-window --win-session-start /prefetch:5'
    ParentImage: C:\Program Files (x86)\Microsoft\Edge\Application\msedge.exe
    ParentProcessGuid: 10DA3E43-D8A8-63F8-7100-000000000900
    ParentProcessId: 4580
    ParentUser: DESKTOP-UTDHED2\wade
    ProcessGuid: 10DA3E43-D8C6-63F8-8E00-000000000900
    ProcessId: 5452
    Product: Microsoft Edge
    RuleName: '-'
    TerminalSessionId: 1
    User: DESKTOP-UTDHED2\wade
    UtcTime: 2023-02-24 15:33:26.916
  System:
    Channel: Microsoft-Windows-Sysmon/Operational
    Computer: DESKTOP-UTDHED2
    Correlation: null
    EventID: 1
    EventRecordID: 12
    Execution_attributes:
      ProcessID: 4288
      ThreadID: 5172
    Keywords: '0x8000000000000000'
    Level: 4
    Opcode: 0
    Provider_attributes:
      Guid: 5770385F-C22A-43E0-BF4C-06F5698FFBD9
      Name: Microsoft-Windows-Sysmon
    Security_attributes:
      UserID: S-1-5-18
    Task: 1
    TimeCreated_attributes:
      SystemTime: 2023-02-24T15:33:27.022073Z
    Version: 5
Event_attributes:
  xmlns: http://schemas.microsoft.com/win/2004/08/events/event

---
Event:
  EventData:
    CommandLine: '"C:\Program Files\Wireshark\dumpcap.exe" -D -Z none'
    Company: The Wireshark developer community
    CurrentDirectory: C:\Program Files\Wireshark\
    Description: Dumpcap
    FileVersion: 4.0.3
    Hashes: SHA256=8DC9CB75BE241F559878CE18DB3CF2E52D0CB3A312509F11F741B1A4F7498C5D
    Image: C:\Program Files\Wireshark\dumpcap.exe
    IntegrityLevel: Medium
    LogonGuid: 10DA3E43-D892-63F8-4B6D-030000000000
    LogonId: '0x36d4b'
    OriginalFileName: Dumpcap.exe
    ParentCommandLine: '"C:\Program Files\Wireshark\Wireshark.exe" '
    ParentImage: C:\Program Files\Wireshark\Wireshark.exe
    ParentProcessGuid: 10DA3E43-D8C3-63F8-8C00-000000000900
    ParentProcessId: 5356
    ParentUser: DESKTOP-UTDHED2\wade
    ProcessGuid: 10DA3E43-D8C7-63F8-8F00-000000000900
    ProcessId: 5536
    Product: Dumpcap
    RuleName: '-'
    TerminalSessionId: 1
    User: DESKTOP-UTDHED2\wade
    UtcTime: 2023-02-24 15:33:27.887
  System:
    Channel: Microsoft-Windows-Sysmon/Operational
    Computer: DESKTOP-UTDHED2
    Correlation: null
    EventID: 1
    EventRecordID: 15
    Execution_attributes:
      ProcessID: 4288
      ThreadID: 5172
    Keywords: '0x8000000000000000'
    Level: 4
    Opcode: 0
    Provider_attributes:
      Guid: 5770385F-C22A-43E0-BF4C-06F5698FFBD9
      Name: Microsoft-Windows-Sysmon
    Security_attributes:
      UserID: S-1-5-18
    Task: 1
    TimeCreated_attributes:
      SystemTime: 2023-02-24T15:33:27.898603Z
    Version: 5
Event_attributes:
  xmlns: http://schemas.microsoft.com/win/2004/08/events/event

---
Event:
  EventData:
    CommandLine: \??\C:\Windows\system32\conhost.exe 0xffffffff -ForceV1
    Company: Microsoft Corporation
    CurrentDirectory: C:\Windows
    Description: Console Window Host
    FileVersion: 10.0.19041.546 (WinBuild.160101.0800)
    Hashes: SHA256=57B0CCD3AEBC6C7126E7C19F5DAC492DF51D904A505C5F5B0CB02270D53F8684
    Image: C:\Windows\System32\conhost.exe
    IntegrityLevel: Medium
    LogonGuid: 10DA3E43-D892-63F8-4B6D-030000000000
    LogonId: '0x36d4b'
    OriginalFileName: CONHOST.EXE
    ParentCommandLine: '"C:\Program Files\Wireshark\dumpcap.exe" -D -Z none'
    ParentImage: C:\Program Files\Wireshark\dumpcap.exe
    ParentProcessGuid: 10DA3E43-D8C7-63F8-8F00-000000000900
    ParentProcessId: 5536
    ParentUser: DESKTOP-UTDHED2\wade
    ProcessGuid: 10DA3E43-D8C7-63F8-9000-000000000900
    ProcessId: 5544
    Product: Microsoft® Windows® Operating System
    RuleName: '-'
    TerminalSessionId: 1
    User: DESKTOP-UTDHED2\wade
    UtcTime: 2023-02-24 15:33:27.900
  System:
    Channel: Microsoft-Windows-Sysmon/Operational
    Computer: DESKTOP-UTDHED2
    Correlation: null
    EventID: 1
    EventRecordID: 16
    Execution_attributes:
      ProcessID: 4288
      ThreadID: 5172
    Keywords: '0x8000000000000000'
    Level: 4
    Opcode: 0
    Provider_attributes:
      Guid: 5770385F-C22A-43E0-BF4C-06F5698FFBD9
      Name: Microsoft-Windows-Sysmon
    Security_attributes:
      UserID: S-1-5-18
    Task: 1
    TimeCreated_attributes:
      SystemTime: 2023-02-24T15:33:27.917974Z
    Version: 5
Event_attributes:
  xmlns: http://schemas.microsoft.com/win/2004/08/events/event

---
Event:
  EventData:
    CommandLine: '"C:\Program Files\Wireshark\dumpcap.exe" -i \Device\NPF_{18BA4954-86CF-484A-ABA2-DBBA09EE4EE6} -L --list-time-stamp-types -Z none'
    Company: The Wireshark developer community
    CurrentDirectory: C:\Program Files\Wireshark\
    Description: Dumpcap
    FileVersion: 4.0.3
    Hashes: SHA256=8DC9CB75BE241F559878CE18DB3CF2E52D0CB3A312509F11F741B1A4F7498C5D
    Image: C:\Program Files\Wireshark\dumpcap.exe
    IntegrityLevel: Medium
    LogonGuid: 10DA3E43-D892-63F8-4B6D-030000000000
    LogonId: '0x36d4b'
    OriginalFileName: Dumpcap.exe
    ParentCommandLine: '"C:\Program Files\Wireshark\Wireshark.exe" '
    ParentImage: C:\Program Files\Wireshark\Wireshark.exe
    ParentProcessGuid: 10DA3E43-D8C3-63F8-8C00-000000000900
    ParentProcessId: 5356
    ParentUser: DESKTOP-UTDHED2\wade
    ProcessGuid: 10DA3E43-D8C7-63F8-9100-000000000900
    ProcessId: 5572
    Product: Dumpcap
    RuleName: '-'
    TerminalSessionId: 1
    User: DESKTOP-UTDHED2\wade
    UtcTime: 2023-02-24 15:33:27.986
  System:
    Channel: Microsoft-Windows-Sysmon/Operational
    Computer: DESKTOP-UTDHED2
    Correlation: null
    EventID: 1
    EventRecordID: 18
    Execution_attributes:
      ProcessID: 4288
      ThreadID: 5172
    Keywords: '0x8000000000000000'
    Level: 4
    Opcode: 0
    Provider_attributes:
      Guid: 5770385F-C22A-43E0-BF4C-06F5698FFBD9
      Name: Microsoft-Windows-Sysmon
    Security_attributes:
      UserID: S-1-5-18
    Task: 1
    TimeCreated_attributes:
      SystemTime: 2023-02-24T15:33:27.996156Z
    Version: 5
Event_attributes:
  xmlns: http://schemas.microsoft.com/win/2004/08/events/event

---
Event:
  EventData:
    CommandLine: \??\C:\Windows\system32\conhost.exe 0xffffffff -ForceV1
    Company: Microsoft Corporation
    CurrentDirectory: C:\Windows
    Description: Console Window Host
    FileVersion: 10.0.19041.546 (WinBuild.160101.0800)
    Hashes: SHA256=57B0CCD3AEBC6C7126E7C19F5DAC492DF51D904A505C5F5B0CB02270D53F8684
    Image: C:\Windows\System32\conhost.exe
    IntegrityLevel: Medium
    LogonGuid: 10DA3E43-D892-63F8-4B6D-030000000000
    LogonId: '0x36d4b'
    OriginalFileName: CONHOST.EXE
    ParentCommandLine: '"C:\Program Files\Wireshark\dumpcap.exe" -i \Device\NPF_{18BA4954-86CF-484A-ABA2-DBBA09EE4EE6} -L --list-time-stamp-types -Z none'
    ParentImage: C:\Program Files\Wireshark\dumpcap.exe
    ParentProcessGuid: 10DA3E43-D8C7-63F8-9100-000000000900
    ParentProcessId: 5572
    ParentUser: DESKTOP-UTDHED2\wade
    ProcessGuid: 10DA3E43-D8C7-63F8-9200-000000000900
    ProcessId: 5580
    Product: Microsoft® Windows® Operating System
    RuleName: '-'
    TerminalSessionId: 1
    User: DESKTOP-UTDHED2\wade
    UtcTime: 2023-02-24 15:33:27.998
  System:
    Channel: Microsoft-Windows-Sysmon/Operational
    Computer: DESKTOP-UTDHED2
    Correlation: null
    EventID: 1
    EventRecordID: 20
    Execution_attributes:
      ProcessID: 4288
      ThreadID: 5172
    Keywords: '0x8000000000000000'
    Level: 4
    Opcode: 0
    Provider_attributes:
      Guid: 5770385F-C22A-43E0-BF4C-06F5698FFBD9
      Name: Microsoft-Windows-Sysmon
    Security_attributes:
      UserID: S-1-5-18
    Task: 1
    TimeCreated_attributes:
      SystemTime: 2023-02-24T15:33:28.003346Z
    Version: 5
Event_attributes:
  xmlns: http://schemas.microsoft.com/win/2004/08/events/event

---
Event:
  EventData:
    CommandLine: '"C:\Program Files\Wireshark\dumpcap.exe" -i \Device\NPF_Loopback -L --list-time-stamp-types -Z none'
    Company: The Wireshark developer community
    CurrentDirectory: C:\Program Files\Wireshark\
    Description: Dumpcap
    FileVersion: 4.0.3
    Hashes: SHA256=8DC9CB75BE241F559878CE18DB3CF2E52D0CB3A312509F11F741B1A4F7498C5D
    Image: C:\Program Files\Wireshark\dumpcap.exe
    IntegrityLevel: Medium
    LogonGuid: 10DA3E43-D892-63F8-4B6D-030000000000
    LogonId: '0x36d4b'
    OriginalFileName: Dumpcap.exe
    ParentCommandLine: '"C:\Program Files\Wireshark\Wireshark.exe" '
    ParentImage: C:\Program Files\Wireshark\Wireshark.exe
    ParentProcessGuid: 10DA3E43-D8C3-63F8-8C00-000000000900
    ParentProcessId: 5356
    ParentUser: DESKTOP-UTDHED2\wade
    ProcessGuid: 10DA3E43-D8C8-63F8-9300-000000000900
    ProcessId: 5608
    Product: Dumpcap
    RuleName: '-'
    TerminalSessionId: 1
    User: DESKTOP-UTDHED2\wade
    UtcTime: 2023-02-24 15:33:28.076
  System:
    Channel: Microsoft-Windows-Sysmon/Operational
    Computer: DESKTOP-UTDHED2
    Correlation: null
    EventID: 1
    EventRecordID: 22
    Execution_attributes:
      ProcessID: 4288
      ThreadID: 5172
    Keywords: '0x8000000000000000'
    Level: 4
    Opcode: 0
    Provider_attributes:
      Guid: 5770385F-C22A-43E0-BF4C-06F5698FFBD9
      Name: Microsoft-Windows-Sysmon
    Security_attributes:
      UserID: S-1-5-18
    Task: 1
    TimeCreated_attributes:
      SystemTime: 2023-02-24T15:33:28.084823Z
    Version: 5
Event_attributes:
  xmlns: http://schemas.microsoft.com/win/2004/08/events/event

---
Event:
  EventData:
    CommandLine: \??\C:\Windows\system32\conhost.exe 0xffffffff -ForceV1
    Company: Microsoft Corporation
    CurrentDirectory: C:\Windows
    Description: Console Window Host
    FileVersion: 10.0.19041.546 (WinBuild.160101.0800)
    Hashes: SHA256=57B0CCD3AEBC6C7126E7C19F5DAC492DF51D904A505C5F5B0CB02270D53F8684
    Image: C:\Windows\System32\conhost.exe
    IntegrityLevel: Medium
    LogonGuid: 10DA3E43-D892-63F8-4B6D-030000000000
    LogonId: '0x36d4b'
    OriginalFileName: CONHOST.EXE
    ParentCommandLine: '"C:\Program Files\Wireshark\dumpcap.exe" -i \Device\NPF_Loopback -L --list-time-stamp-types -Z none'
    ParentImage: C:\Program Files\Wireshark\dumpcap.exe
    ParentProcessGuid: 10DA3E43-D8C8-63F8-9300-000000000900
    ParentProcessId: 5608
    ParentUser: DESKTOP-UTDHED2\wade
    ProcessGuid: 10DA3E43-D8C8-63F8-9400-000000000900
    ProcessId: 5616
    Product: Microsoft® Windows® Operating System
    RuleName: '-'
    TerminalSessionId: 1
    User: DESKTOP-UTDHED2\wade
    UtcTime: 2023-02-24 15:33:28.086
  System:
    Channel: Microsoft-Windows-Sysmon/Operational
    Computer: DESKTOP-UTDHED2
    Correlation: null
    EventID: 1
    EventRecordID: 24
    Execution_attributes:
      ProcessID: 4288
      ThreadID: 5172
    Keywords: '0x8000000000000000'
    Level: 4
    Opcode: 0
    Provider_attributes:
      Guid: 5770385F-C22A-43E0-BF4C-06F5698FFBD9
      Name: Microsoft-Windows-Sysmon
    Security_attributes:
      UserID: S-1-5-18
    Task: 1
    TimeCreated_attributes:
      SystemTime: 2023-02-24T15:33:28.090576Z
    Version: 5
Event_attributes:
  xmlns: http://schemas.microsoft.com/win/2004/08/events/event

---
Event:
  EventData:
    CommandLine: '"C:\Program Files\Wireshark\dumpcap.exe" -S -Z 5356.dummy'
    Company: The Wireshark developer community
    CurrentDirectory: C:\Program Files\Wireshark\
    Description: Dumpcap
    FileVersion: 4.0.3
    Hashes: SHA256=8DC9CB75BE241F559878CE18DB3CF2E52D0CB3A312509F11F741B1A4F7498C5D
    Image: C:\Program Files\Wireshark\dumpcap.exe
    IntegrityLevel: Medium
    LogonGuid: 10DA3E43-D892-63F8-4B6D-030000000000
    LogonId: '0x36d4b'
    OriginalFileName: Dumpcap.exe
    ParentCommandLine: '"C:\Program Files\Wireshark\Wireshark.exe" '
    ParentImage: C:\Program Files\Wireshark\Wireshark.exe
    ParentProcessGuid: 10DA3E43-D8C3-63F8-8C00-000000000900
    ParentProcessId: 5356
    ParentUser: DESKTOP-UTDHED2\wade
    ProcessGuid: 10DA3E43-D8C8-63F8-9500-000000000900
    ProcessId: 5644
    Product: Dumpcap
    RuleName: '-'
    TerminalSessionId: 1
    User: DESKTOP-UTDHED2\wade
    UtcTime: 2023-02-24 15:33:28.208
  System:
    Channel: Microsoft-Windows-Sysmon/Operational
    Computer: DESKTOP-UTDHED2
    Correlation: null
    EventID: 1
    EventRecordID: 27
    Execution_attributes:
      ProcessID: 4288
      ThreadID: 5172
    Keywords: '0x8000000000000000'
    Level: 4
    Opcode: 0
    Provider_attributes:
      Guid: 5770385F-C22A-43E0-BF4C-06F5698FFBD9
      Name: Microsoft-Windows-Sysmon
    Security_attributes:
      UserID: S-1-5-18
    Task: 1
    TimeCreated_attributes:
      SystemTime: 2023-02-24T15:33:28.213635Z
    Version: 5
Event_attributes:
  xmlns: http://schemas.microsoft.com/win/2004/08/events/event

---
Event:
  EventData:
    CommandLine: \??\C:\Windows\system32\conhost.exe 0xffffffff -ForceV1
    Company: Microsoft Corporation
    CurrentDirectory: C:\Windows
    Description: Console Window Host
    FileVersion: 10.0.19041.546 (WinBuild.160101.0800)
    Hashes: SHA256=57B0CCD3AEBC6C7126E7C19F5DAC492DF51D904A505C5F5B0CB02270D53F8684
    Image: C:\Windows\System32\conhost.exe
    IntegrityLevel: Medium
    LogonGuid: 10DA3E43-D892-63F8-4B6D-030000000000
    LogonId: '0x36d4b'
    OriginalFileName: CONHOST.EXE
    ParentCommandLine: '"C:\Program Files\Wireshark\dumpcap.exe" -S -Z 5356.dummy'
    ParentImage: C:\Program Files\Wireshark\dumpcap.exe
    ParentProcessGuid: 10DA3E43-D8C8-63F8-9500-000000000900
    ParentProcessId: 5644
    ParentUser: DESKTOP-UTDHED2\wade
    ProcessGuid: 10DA3E43-D8C8-63F8-9600-000000000900
    ProcessId: 5652
    Product: Microsoft® Windows® Operating System
    RuleName: '-'
    TerminalSessionId: 1
    User: DESKTOP-UTDHED2\wade
    UtcTime: 2023-02-24 15:33:28.215
  System:
    Channel: Microsoft-Windows-Sysmon/Operational
    Computer: DESKTOP-UTDHED2
    Correlation: null
    EventID: 1
    EventRecordID: 28
    Execution_attributes:
      ProcessID: 4288
      ThreadID: 5172
    Keywords: '0x8000000000000000'
    Level: 4
    Opcode: 0
    Provider_attributes:
      Guid: 5770385F-C22A-43E0-BF4C-06F5698FFBD9
      Name: Microsoft-Windows-Sysmon
    Security_attributes:
      UserID: S-1-5-18
    Task: 1
    TimeCreated_attributes:
      SystemTime: 2023-02-24T15:33:28.219527Z
    Version: 5
Event_attributes:
  xmlns: http://schemas.microsoft.com/win/2004/08/events/event

---
Event:
  EventData:
    CommandLine: '"C:\Program Files\Wireshark\dumpcap.exe" -n -i \Device\NPF_{18BA4954-86CF-484A-ABA2-DBBA09EE4EE6} -y EN10MB -Z 5356'
    Company: The Wireshark developer community
    CurrentDirectory: C:\Program Files\Wireshark\
    Description: Dumpcap
    FileVersion: 4.0.3
    Hashes: SHA256=8DC9CB75BE241F559878CE18DB3CF2E52D0CB3A312509F11F741B1A4F7498C5D
    Image: C:\Program Files\Wireshark\dumpcap.exe
    IntegrityLevel: Medium
    LogonGuid: 10DA3E43-D892-63F8-4B6D-030000000000
    LogonId: '0x36d4b'
    OriginalFileName: Dumpcap.exe
    ParentCommandLine: '"C:\Program Files\Wireshark\Wireshark.exe" '
    ParentImage: C:\Program Files\Wireshark\Wireshark.exe
    ParentProcessGuid: 10DA3E43-D8C3-63F8-8C00-000000000900
    ParentProcessId: 5356
    ParentUser: DESKTOP-UTDHED2\wade
    ProcessGuid: 10DA3E43-D8CE-63F8-9700-000000000900
    ProcessId: 5732
    Product: Dumpcap
    RuleName: '-'
    TerminalSessionId: 1
    User: DESKTOP-UTDHED2\wade
    UtcTime: 2023-02-24 15:33:34.102
  System:
    Channel: Microsoft-Windows-Sysmon/Operational
    Computer: DESKTOP-UTDHED2
    Correlation: null
    EventID: 1
    EventRecordID: 32
    Execution_attributes:
      ProcessID: 4288
      ThreadID: 5172
    Keywords: '0x8000000000000000'
    Level: 4
    Opcode: 0
    Provider_attributes:
      Guid: 5770385F-C22A-43E0-BF4C-06F5698FFBD9
      Name: Microsoft-Windows-Sysmon
    Security_attributes:
      UserID: S-1-5-18
    Task: 1
    TimeCreated_attributes:
      SystemTime: 2023-02-24T15:33:34.115988Z
    Version: 5
Event_attributes:
  xmlns: http://schemas.microsoft.com/win/2004/08/events/event

---
Event:
  EventData:
    CommandLine: \??\C:\Windows\system32\conhost.exe 0xffffffff -ForceV1
    Company: Microsoft Corporation
    CurrentDirectory: C:\Windows
    Description: Console Window Host
    FileVersion: 10.0.19041.546 (WinBuild.160101.0800)
    Hashes: SHA256=57B0CCD3AEBC6C7126E7C19F5DAC492DF51D904A505C5F5B0CB02270D53F8684
    Image: C:\Windows\System32\conhost.exe
    IntegrityLevel: Medium
    LogonGuid: 10DA3E43-D892-63F8-4B6D-030000000000
    LogonId: '0x36d4b'
    OriginalFileName: CONHOST.EXE
    ParentCommandLine: '"C:\Program Files\Wireshark\dumpcap.exe" -n -i \Device\NPF_{18BA4954-86CF-484A-ABA2-DBBA09EE4EE6} -y EN10MB -Z 5356'
    ParentImage: C:\Program Files\Wireshark\dumpcap.exe
    ParentProcessGuid: 10DA3E43-D8CE-63F8-9700-000000000900
    ParentProcessId: 5732
    ParentUser: DESKTOP-UTDHED2\wade
    ProcessGuid: 10DA3E43-D8CE-63F8-9800-000000000900
    ProcessId: 5740
    Product: Microsoft® Windows® Operating System
    RuleName: '-'
    TerminalSessionId: 1
    User: DESKTOP-UTDHED2\wade
    UtcTime: 2023-02-24 15:33:34.117
  System:
    Channel: Microsoft-Windows-Sysmon/Operational
    Computer: DESKTOP-UTDHED2
    Correlation: null
    EventID: 1
    EventRecordID: 33
    Execution_attributes:
      ProcessID: 4288
      ThreadID: 5172
    Keywords: '0x8000000000000000'
    Level: 4
    Opcode: 0
    Provider_attributes:
      Guid: 5770385F-C22A-43E0-BF4C-06F5698FFBD9
      Name: Microsoft-Windows-Sysmon
    Security_attributes:
      UserID: S-1-5-18
    Task: 1
    TimeCreated_attributes:
      SystemTime: 2023-02-24T15:33:34.128845Z
    Version: 5
Event_attributes:
  xmlns: http://schemas.microsoft.com/win/2004/08/events/event

---
Event:
  EventData:
    CommandLine: C:\Windows\system32\DllHost.exe /Processid:{AB8902B4-09CA-4BB6-B78D-A8F59079A8D5}
    Company: Microsoft Corporation
    CurrentDirectory: C:\Windows\system32\
    Description: COM Surrogate
    FileVersion: 10.0.19041.546 (WinBuild.160101.0800)
    Hashes: SHA256=E7FC40B41AA8B83841A0B96D169EAF0800AA784733E636935374D56536253F10
    Image: C:\Windows\System32\dllhost.exe
    IntegrityLevel: Medium
    LogonGuid: 10DA3E43-D892-63F8-4B6D-030000000000
    LogonId: '0x36d4b'
    OriginalFileName: dllhost.exe
    ParentCommandLine: '-'
    ParentImage: '-'
    ParentProcessGuid: 00000000-0000-0000-0000-000000000000
    ParentProcessId: 736
    ParentUser: '-'
    ProcessGuid: 10DA3E43-D8D0-63F8-9900-000000000900
    ProcessId: 5812
    Product: Microsoft® Windows® Operating System
    RuleName: '-'
    TerminalSessionId: 1
    User: DESKTOP-UTDHED2\wade
    UtcTime: 2023-02-24 15:33:36.820
  System:
    Channel: Microsoft-Windows-Sysmon/Operational
    Computer: DESKTOP-UTDHED2
    Correlation: null
    EventID: 1
    EventRecordID: 34
    Execution_attributes:
      ProcessID: 4288
      ThreadID: 5172
    Keywords: '0x8000000000000000'
    Level: 4
    Opcode: 0
    Provider_attributes:
      Guid: 5770385F-C22A-43E0-BF4C-06F5698FFBD9
      Name: Microsoft-Windows-Sysmon
    Security_attributes:
      UserID: S-1-5-18
    Task: 1
    TimeCreated_attributes:
      SystemTime: 2023-02-24T15:33:36.852368Z
    Version: 5
Event_attributes:
  xmlns: http://schemas.microsoft.com/win/2004/08/events/event

